[ 2018-11-20T12:16:55+08:00 ] 10.200.31.18 /Fashionmall/
INFO: [ app_init ] --START--
INFO: Run Behavior\BuildLiteBehavior [ RunTime:0.000022s ]
INFO: [ app_init ] --END-- [ RunTime:0.001157s ]
INFO: [ app_begin ] --START--
INFO: Run Behavior\ReadHtmlCacheBehavior [ RunTime:0.001291s ]
INFO: [ app_begin ] --END-- [ RunTime:0.001405s ]
SQL: SHOW COLUMNS FROM `product_cate` [ RunTime:0.0007s ]
SQL: SELECT * FROM `product_cate` GROUP BY id,img  [ RunTime:0.0004s ]
SQL: SHOW COLUMNS FROM `product` [ RunTime:0.0006s ]
SQL: SELECT * FROM `product` WHERE ( identify='一周穿搭' )  [ RunTime:0.0004s ]
SQL: SELECT * FROM `product` LIMIT 6,6   [ RunTime:0.0003s ]
INFO: [ view_parse ] --START--
INFO: [ template_filter ] --START--
INFO: Run Behavior\ContentReplaceBehavior [ RunTime:0.000134s ]
INFO: [ template_filter ] --END-- [ RunTime:0.000240s ]
INFO: Run Behavior\ParseTemplateBehavior [ RunTime:0.082288s ]
INFO: [ view_parse ] --END-- [ RunTime:0.082407s ]
INFO: [ view_filter ] --START--
INFO: Run Behavior\WriteHtmlCacheBehavior [ RunTime:0.011575s ]
INFO: [ view_filter ] --END-- [ RunTime:0.011680s ]
INFO: [ app_end ] --START--
INFO: Run Behavior\ShowPageTraceBehavior [ RunTime:0.009418s ]
INFO: [ app_end ] --END-- [ RunTime:0.009537s ]

