[ 2018-11-17T22:10:05+08:00 ] 10.200.31.2 /Fashionmall/
INFO: [ app_init ] --START--
INFO: Run Behavior\BuildLiteBehavior [ RunTime:0.000022s ]
INFO: [ app_init ] --END-- [ RunTime:0.019009s ]
INFO: [ app_begin ] --START--
INFO: Run Behavior\ReadHtmlCacheBehavior [ RunTime:0.001402s ]
INFO: [ app_begin ] --END-- [ RunTime:0.001538s ]
SQL: SHOW COLUMNS FROM `product_cate` [ RunTime:0.1679s ]
SQL: SELECT * FROM `product_cate` GROUP BY id,img  [ RunTime:0.0243s ]
INFO: [ view_parse ] --START--
INFO: [ template_filter ] --START--
INFO: Run Behavior\ContentReplaceBehavior [ RunTime:0.014314s ]
INFO: [ template_filter ] --END-- [ RunTime:0.014441s ]
INFO: Run Behavior\ParseTemplateBehavior [ RunTime:0.120583s ]
INFO: [ view_parse ] --END-- [ RunTime:0.120716s ]
INFO: [ view_filter ] --START--
INFO: Run Behavior\WriteHtmlCacheBehavior [ RunTime:0.029678s ]
INFO: [ view_filter ] --END-- [ RunTime:0.029797s ]
INFO: [ app_end ] --START--
INFO: Run Behavior\ShowPageTraceBehavior [ RunTime:0.009546s ]
INFO: [ app_end ] --END-- [ RunTime:0.009827s ]

[ 2018-11-17T22:10:38+08:00 ] 10.200.31.2 /Fashionmall/index.php/Index/AllGood.html?id=3
INFO: [ app_init ] --START--
INFO: Run Behavior\BuildLiteBehavior [ RunTime:0.000019s ]
INFO: [ app_init ] --END-- [ RunTime:0.000736s ]
INFO: [ app_begin ] --START--
INFO: Run Behavior\ReadHtmlCacheBehavior [ RunTime:0.000984s ]
INFO: [ app_begin ] --END-- [ RunTime:0.001150s ]
INFO: [ view_parse ] --START--
INFO: [ template_filter ] --START--
INFO: Run Behavior\ContentReplaceBehavior [ RunTime:0.000089s ]
INFO: [ template_filter ] --END-- [ RunTime:0.000189s ]
INFO: Run Behavior\ParseTemplateBehavior [ RunTime:0.022699s ]
INFO: [ view_parse ] --END-- [ RunTime:0.022812s ]
INFO: [ view_filter ] --START--
INFO: Run Behavior\WriteHtmlCacheBehavior [ RunTime:0.000805s ]
INFO: [ view_filter ] --END-- [ RunTime:0.000894s ]
INFO: [ app_end ] --START--
INFO: Run Behavior\ShowPageTraceBehavior [ RunTime:0.001008s ]
INFO: [ app_end ] --END-- [ RunTime:0.001099s ]

[ 2018-11-17T22:10:39+08:00 ] 10.200.31.2 /Fashionmall/index.php/Index/js/jquery.js
INFO: [ app_init ] --START--
INFO: Run Behavior\BuildLiteBehavior [ RunTime:0.000021s ]
INFO: [ app_init ] --END-- [ RunTime:0.000765s ]
INFO: [ app_begin ] --START--
INFO: Run Behavior\ReadHtmlCacheBehavior [ RunTime:0.000941s ]
INFO: [ app_begin ] --END-- [ RunTime:0.001039s ]
ERR: 非法操作:js

[ 2018-11-17T22:10:40+08:00 ] 10.200.31.2 /Fashionmall/index.php/Index/images/1.jpg
INFO: [ app_init ] --START--
INFO: Run Behavior\BuildLiteBehavior [ RunTime:0.000019s ]
INFO: [ app_init ] --END-- [ RunTime:0.000674s ]

