[ 2018-11-13T16:40:49+08:00 ] ::1 /Fashionmall/__USER__/css/style.css
INFO: [ app_init ] --START--
INFO: Run Behavior\BuildLiteBehavior [ RunTime:0.000026s ]
INFO: [ app_init ] --END-- [ RunTime:0.000956s ]
ERR: 无法加载模块:__USER__

[ 2018-11-13T16:40:49+08:00 ] ::1 /Fashionmall/__USER__/js/layui/css/layui.css
INFO: [ app_init ] --START--
INFO: Run Behavior\BuildLiteBehavior [ RunTime:0.000023s ]
INFO: [ app_init ] --END-- [ RunTime:0.000860s ]
ERR: 无法加载模块:__USER__

[ 2018-11-13T16:40:49+08:00 ] ::1 /Fashionmall/__USER__/js/jquery.js
INFO: [ app_init ] --START--
INFO: Run Behavior\BuildLiteBehavior [ RunTime:0.000022s ]
INFO: [ app_init ] --END-- [ RunTime:0.000843s ]
ERR: 无法加载模块:__USER__

_

[ 2018-11-13T16:40:49+08:00 ] ::1 /Fashionmall/images/getAvatar.do.jpg
INFO: [ app_init ] --START--
INFO: Run Behavior\BuildLiteBehavior [ RunTime:0.000029s ]
INFO: [ app_init ] --END-- [ RunTime:0.000712s ]
ERR: 无法加载模块:Images

[ 2018-11-13T16:40:49+08:00 ] ::1 /Fashionmall/images/jiguan.jpg
INFO: [ app_init ] --START--
INFO: Run Behavior\BuildLiteBehavior [ RunTime:0.000025s ]
INFO: [ app_init ] --END-- [ RunTime:0.000722s ]
ERR: 无法加载模块:Images

[ 2018-11-13T16:40:49+08:00 ] ::1 /Fashionmall/images/plaing01.jpg
INFO: [ app_init ] --START--
INFO: Run Behavior\BuildLiteBehavior [ RunTime:0.000033s ]
INFO: [ app_init ] --END-- [ RunTime:0.000763s ]
ERR: 无法加载模块:Images

[ 2018-11-13T16:40:49+08:00 ] ::1 /Fashionmall/images/01.jpg
INFO: [ app_init ] --START--
INFO: Run Behavior\BuildLiteBehavior [ RunTime:0.000146s ]
INFO: [ app_init ] --END-- [ RunTime:0.014732s ]
ERR: 无法加载模块:Images

[ 2018-11-13T16:40:49+08:00 ] ::1 /Fashionmall/images/class_img/810168260450008201_03.gif
INFO: [ app_init ] --START--
INFO: Run Behavior\BuildLiteBehavior [ RunTime:0.000025s ]
INFO: [ app_init ] --END-- [ RunTime:0.001310s ]
ERR: 无法加载模块:Images

[ 2018-11-13T16:40:49+08:00 ] ::1 /Fashionmall/images/logo.png
INFO: [ app_init ] --START--
INFO: Run Behavior\BuildLiteBehavior [ RunTime:0.000024s ]
INFO: [ app_init ] --END-- [ RunTime:0.000834s ]
ERR: 无法加载模块:Images

[ 2018-11-13T16:40:49+08:00 ] ::1 /Fashionmall/foot.html
INFO: [ app_init ] --START--
INFO: Run Behavior\BuildLiteBehavior [ RunTime:0.000024s ]
INFO: [ app_init ] --END-- [ RunTime:0.000694s ]
ERR: 无法加载模块:Foot

[ 2018-11-13T16:40:49+08:00 ] ::1 /Fashionmall/images/skills02.jpg
INFO: [ app_init ] --START--
INFO: Run Behavior\BuildLiteBehavior [ RunTime:0.000049s ]
INFO: [ app_init ] --END-- [ RunTime:0.001456s ]
ERR: 无法加载模块:Images

[ 2018-11-13T16:40:49+08:00 ] ::1 /Fashionmall/images/class_img/810168260450008201_05.gif
INFO: [ app_init ] --START--
INFO: Run Behavior\BuildLiteBehavior [ RunTime:0.000025s ]
INFO: [ app_init ] --END-- [ RunTime:0.000890s ]
ERR: 无法加载模块:Images

[ 2018-11-13T16:40:49+08:00 ] ::1 /Fashionmall/images/class_img/810168260450008201_07.gif
INFO: [ app_init ] --START--
INFO: Run Behavior\BuildLiteBehavior [ RunTime:0.000027s ]
INFO: [ app_init ] --END-- [ RunTime:0.000969s ]
ERR: 无法加载模块:Images

[ 2018-11-13T16:40:49+08:00 ] ::1 /Fashionmall/images/class_img/810168260450008201_15.gif
INFO: [ app_init ] --START--
INFO: Run Behavior\BuildLiteBehavior [ RunTime:0.000024s ]
INFO: [ app_init ] --END-- [ RunTime:0.000759s ]
ERR: 无法加载模块:Images

[ 2018-11-13T16:40:49+08:00 ] ::1 /Fashionmall/images/recommend_img/6203016416892743_03.gif
INFO: [ app_init ] --START--
INFO: Run Behavior\BuildLiteBehavior [ RunTime:0.000026s ]
INFO: [ app_init ] --END-- [ RunTime:0.001042s ]
ERR: 无法加载模块:Images

[ 2018-11-13T16:40:49+08:00 ] ::1 /Fashionmall/images/class_img/810168260450008201_09.gif
INFO: [ app_init ] --START--
INFO: Run Behavior\BuildLiteBehavior [ RunTime:0.000026s ]
INFO: [ app_init ] --END-- [ RunTime:0.000691s ]
ERR: 无法加载模块:Images

[ 2018-11-13T16:40:49+08:00 ] ::1 /Fashionmall/images/class_img/810168260450008201_16.gif
INFO: [ app_init ] --START--
INFO: Run Behavior\BuildLiteBehavior [ RunTime:0.000024s ]
INFO: [ app_init ] --END-- [ RunTime:0.000674s ]
ERR: 无法加载模块:Images

[ 2018-11-13T16:40:49+08:00 ] ::1 /Fashionmall/images/class_img/810168260450008201_17.gif
INFO: [ app_init ] --START--
INFO: Run Behavior\BuildLiteBehavior [ RunTime:0.000026s ]
INFO: [ app_init ] --END-- [ RunTime:0.000693s ]
ERR: 无法加载模块:Images

[ 2018-11-13T16:40:49+08:00 ] ::1 /Fashionmall/images/1539853691.jpg
INFO: [ app_init ] --START--
INFO: Run Behavior\BuildLiteBehavior [ RunTime:0.000027s ]
INFO: [ app_init ] --END-- [ RunTime:0.000803s ]
ERR: 无法加载模块:Images

[ 2018-11-13T16:40:49+08:00 ] ::1 /Fashionmall/images/class_img/810168260450008201_18.gif
INFO: [ app_init ] --START--
INFO: Run Behavior\BuildLiteBehavior [ RunTime:0.000023s ]
INFO: [ app_init ] --END-- [ RunTime:0.000761s ]
ERR: 无法加载模块:Images

[ 2018-11-13T16:41:56+08:00 ] ::1 /Fashionmall/__USER__/css/style.css
INFO: [ app_init ] --START--
INFO: Run Behavior\BuildLiteBehavior [ RunTime:0.000039s ]
INFO: [ app_init ] --END-- [ RunTime:0.001076s ]
ERR: 无法加载模块:__USER__

[ 2018-11-13T16:41:56+08:00 ] ::1 /Fashionmall/__USER__/js/layui/css/layui.css
INFO: [ app_init ] --START--
INFO: Run Behavior\BuildLiteBehavior [ RunTime:0.000022s ]
INFO: [ app_init ] --END-- [ RunTime:0.000957s ]
ERR: 无法加载模块:__USER__

[ 2018-11-13T16:42:56+08:00 ] ::1 /Fashionmall/__USER__/js/jquery.js
INFO: [ app_init ] --START--
INFO: Run Behavior\BuildLiteBehavior [ RunTime:0.000025s ]
INFO: [ app_init ] --END-- [ RunTime:0.000818s ]
ERR: 无法加载模块:__USER__

[ 2018-11-13T16:42:56+08:00 ] ::1 /Fashionmall/__USER__/js/layui/layui.js
INFO: [ app_init ] --START--
INFO: Run Behavior\BuildLiteBehavior [ RunTime:0.000041s ]
INFO: [ app_init ] --END-- [ RunTime:0.001119s ]
ERR: 无法加载模块:__USER__

[ 2018-11-13T16:42:56+08:00 ] ::1 /Fashionmall/__USER__/js/layui/css/layui.css
INFO: [ app_init ] --START--
INFO: Run Behavior\BuildLiteBehavior [ RunTime:0.000025s ]
INFO: [ app_init ] --END-- [ RunTime:0.000915s ]
ERR: 无法加载模块:__USER__

[ 2018-11-13T16:42:56+08:00 ] ::1 /Fashionmall/__USER__/css/style.css
INFO: [ app_init ] --START--
INFO: Run Behavior\BuildLiteBehavior [ RunTime:0.000031s ]
INFO: [ app_init ] --END-- [ RunTime:0.022878s ]
ERR: 无法加载模块:__USER__

[ 2018-11-13T16:42:56+08:00 ] ::1 /Fashionmall/images/getAvatar.do.jpg
INFO: [ app_init ] --START--
INFO: Run Behavior\BuildLiteBehavior [ RunTime:0.000046s ]
INFO: [ app_init ] --END-- [ RunTime:0.001095s ]
ERR: 无法加载模块:Images

[ 2018-11-13T16:42:56+08:00 ] ::1 /Fashionmall/images/logo.png
INFO: [ app_init ] --START--
INFO: Run Behavior\BuildLiteBehavior [ RunTime:0.000025s ]
INFO: [ app_init ] --END-- [ RunTime:0.000816s ]
ERR: 无法加载模块:Images

[ 2018-11-13T16:42:56+08:00 ] ::1 /Fashionmall/__USER__/js/jquery.js
INFO: [ app_init ] --START--
INFO: Run Behavior\BuildLiteBehavior [ RunTime:0.000028s ]
INFO: [ app_init ] --END-- [ RunTime:0.000872s ]
ERR: 无法加载模块:__USER__

[ 2018-11-13T16:42:56+08:00 ] ::1 /Fashionmall/images/01.jpg
INFO: [ app_init ] --START--
INFO: Run Behavior\BuildLiteBehavior [ RunTime:0.000026s ]
INFO: [ app_init ] --END-- [ RunTime:0.000842s ]
ERR: 无法加载模块:Images

[ 2018-11-13T16:42:56+08:00 ] ::1 /Fashionmall/images/jiguan.jpg
INFO: [ app_init ] --START--
INFO: Run Behavior\BuildLiteBehavior [ RunTime:0.000023s ]
INFO: [ app_init ] --END-- [ RunTime:0.000756s ]
ERR: 无法加载模块:Images

[ 2018-11-13T16:42:56+08:00 ] ::1 /Fashionmall/images/skills02.jpg
INFO: [ app_init ] --START--
INFO: Run Behavior\BuildLiteBehavior [ RunTime:0.000027s ]
INFO: [ app_init ] --END-- [ RunTime:0.000761s ]
ERR: 无法加载模块:Images

[ 2018-11-13T16:42:56+08:00 ] ::1 /Fashionmall/foot.html
INFO: [ app_init ] --START--
INFO: Run Behavior\BuildLiteBehavior [ RunTime:0.000024s ]
INFO: [ app_init ] --END-- [ RunTime:0.000786s ]
ERR: 无法加载模块:Foot


ERR: 无法加载模块:Images

[ 2018-11-13T16:42:56+08:00 ] ::1 /Fashionmall/images/class_img/810168260450008201_07.gif
INFO: [ app_init ] --START--
INFO: Run Behavior\BuildLiteBehavior [ RunTime:0.000027s ]
INFO: [ app_init ] --END-- [ RunTime:0.001540s ]
ERR: 无法加载模块:Images

[ 2018-11-13T16:42:56+08:00 ] ::1 /Fashionmall/images/class_img/810168260450008201_15.gif
INFO: [ app_init ] --START--
INFO: Run Behavior\BuildLiteBehavior [ RunTime:0.000028s ]
INFO: [ app_init ] --END-- [ RunTime:0.004222s ]
ERR: 无法加载模块:Images

[ 2018-11-13T16:42:56+08:00 ] ::1 /Fashionmall/images/class_img/810168260450008201_18.gif
INFO: [ app_init ] --START--
INFO: Run Behavior\BuildLiteBehavior [ RunTime:0.000027s ]
INFO: [ app_init ] --END-- [ RunTime:0.000733s ]
ERR: 无法加载模块:Images

[ 2018-11-13T16:42:57+08:00 ] ::1 /Fashionmall/images/class_img/810168260450008201_17.gif
INFO: [ app_init ] --START--
INFO: Run Behavior\BuildLiteBehavior [ RunTime:0.000028s ]
INFO: [ app_init ] --END-- [ RunTime:0.009574s ]
ERR: 无法加载模块:Images

[ 2018-11-13T16:42:57+08:00 ] ::1 /Fashionmall/images/class_img/810168260450008201_09.gif
INFO: [ app_init ] --START--
INFO: Run Behavior\BuildLiteBehavior [ RunTime:0.000029s ]
INFO: [ app_init ] --END-- [ RunTime:0.001550s ]
ERR: 无法加载模块:Images

[ 2018-11-13T16:42:57+08:00 ] ::1 /Fashionmall/images/class_img/810168260450008201_05.gif
INFO: [ app_init ] --START--
INFO: Run Behavior\BuildLiteBehavior [ RunTime:0.000025s ]
INFO: [ app_init ] --END-- [ RunTime:0.000784s ]
ERR: 无法加载模块:Images

[ 2018-11-13T16:42:57+08:00 ] ::1 /Fashionmall/images/1539853691.jpg
INFO: [ app_init ] --START--
INFO: Run Behavior\BuildLiteBehavior [ RunTime:0.000028s ]
INFO: [ app_init ] --END-- [ RunTime:0.000883s ]
ERR: 无法加载模块:Images

[ 2018-11-13T16:42:57+08:00 ] ::1 /Fashionmall/images/recommend_img/6203016416892743_03.gif
INFO: [ app_init ] --START--
INFO: Run Behavior\BuildLiteBehavior [ RunTime:0.000029s ]
INFO: [ app_init ] --END-- [ RunTime:0.000795s ]
ERR: 无法加载模块:Images

[ 2018-11-13T16:42:57+08:00 ] ::1 /Fashionmall/images/class_img/810168260450008201_16.gif
INFO: [ app_init ] --START--
INFO: Run Behavior\BuildLiteBehavior [ RunTime:0.000025s ]
INFO: [ app_init ] --END-- [ RunTime:0.000743s ]
ERR: 无法加载模块:Images

[ 2018-11-13T16:42:57+08:00 ] ::1 /Fashionmall/__USER__/js/layui/css/layui.css
INFO: [ app_init ] --START--
INFO: Run Behavior\BuildLiteBehavior [ RunTime:0.000024s ]
INFO: [ app_init ] --END-- [ RunTime:0.000759s ]
ERR: 无法加载模块:__USER__

[ 2018-11-13T16:42:57+08:00 ] ::1 /Fashionmall/__USER__/css/style.css
INFO: [ app_init ] --START--
INFO: Run Behavior\BuildLiteBehavior [ RunTime:0.000024s ]
INFO: [ app_init ] --END-- [ RunTime:0.000656s ]
ERR: 无法加载模块:__USER__

[ 2018-11-13T16:42:57+08:00 ] ::1 /Fashionmall/__USER__/js/jquery.js
INFO: [ app_init ] --START--
INFO: Run Behavior\BuildLiteBehavior [ RunTime:0.000040s ]
INFO: [ app_init ] --END-- [ RunTime:0.000775s ]
ERR: 无法加载模块:__USER__

[ 2018-11-13T16:42:57+08:00 ] ::1 /Fashionmall/__USER__/js/layui/layui.js
INFO: [ app_init ] --START--
INFO: Run Behavior\BuildLiteBehavior [ RunTime:0.000036s ]
INFO: [ app_init ] --END-- [ RunTime:0.002067s ]
ERR: 无法加载模块:__USER__

[ 2018-11-13T16:42:57+08:00 ] ::1 /Fashionmall/images/getAvatar.do.jpg
INFO: [ app_init ] --START--
INFO: Run Behavior\BuildLiteBehavior [ RunTime:0.000053s ]
INFO: [ app_init ] --END-- [ RunTime:0.000871s ]
ERR: 无法加载模块:Images

[ 2018-11-13T16:42:57+08:00 ] ::1 /Fashionmall/__USER__/js/jquery.js
INFO: [ app_init ] --START--
INFO: Run Behavior\BuildLiteBehavior [ RunTime:0.000028s ]
INFO: [ app_init ] --END-- [ RunTime:0.000779s ]
ERR: 无法加载模块:__USER__

[ 2018-11-13T16:42:57+08:00 ] ::1 /Fashionmall/images/logo.png
INFO: [ app_init ] --START--
INFO: Run Behavior\BuildLiteBehavior [ RunTime:0.000047s ]
INFO: [ app_init ] --END-- [ RunTime:0.002791s ]
ERR: 无法加载模块:Images

[ 2018-11-13T16:42:57+08:00 ] ::1 /Fashionmall/images/jiguan.jpg
INFO: [ app_init ] --START--
INFO: Run Behavior\BuildLiteBehavior [ RunTime:0.000024s ]
INFO: [ app_init ] --END-- [ RunTime:0.000866s ]
ERR: 无法加载模块:Images

[ 2018-11-13T16:42:57+08:00 ] ::1 /Fashionmall/images/class_img/810168260450008201_03.gif
INFO: [ app_init ] --START--
INFO: Run Behavior\BuildLiteBehavior [ RunTime:0.000025s ]
INFO: [ app_init ] --END-- [ RunTime:0.001063s ]
ERR: 无法加载模块:Images

[ 2018-11-13T16:42:57+08:00 ] ::1 /Fashionmall/images/class_img/810168260450008201_09.gif
INFO: [ app_init ] --START--
INFO: Run Behavior\BuildLiteBehavior [ RunTime:0.000024s ]
INFO: [ app_init ] --END-- [ RunTime:0.000761s ]
ERR: 无法加载模块:Images

[ 2018-11-13T16:42:57+08:00 ] ::1 /Fashionmall/images/class_img/810168260450008201_07.gif
INFO: [ app_init ] --START--
INFO: Run Behavior\BuildLiteBehavior [ RunTime:0.000025s ]
INFO: [ app_init ] --END-- [ RunTime:0.000737s ]
ERR: 无法加载模块:Images

[ 2018-11-13T16:42:57+08:00 ] ::1 /Fashionmall/images/skills02.jpg
INFO: [ app_init ] --START--
INFO: Run Behavior\BuildLiteBehavior [ RunTime:0.000024s ]
INFO: [ app_init ] --END-- [ RunTime:0.000796s ]
ERR: 无法加载模块:Images

[ 2018-11-13T16:42:57+08:00 ] ::1 /Fashionmall/images/plaing01.jpg
INFO: [ app_init ] --START--
INFO: Run Behavior\BuildLiteBehavior [ RunTime:0.000033s ]
INFO: [ app_init ] --END-- [ RunTime:0.000946s ]
ERR: 无法加载模块:Images

[ 2018-11-13T16:42:57+08:00 ] ::1 /Fashionmall/foot.html
INFO: [ app_init ] --START--
INFO: Run Behavior\BuildLiteBehavior [ RunTime:0.000025s ]
INFO: [ app_init ] --END-- [ RunTime:0.001970s ]
ERR: 无法加载模块:Foot

[ 2018-11-13T16:42:57+08:00 ] ::1 /Fashionmall/images/class_img/810168260450008201_15.gif
INFO: [ app_init ] --START--
INFO: Run Behavior\BuildLiteBehavior [ RunTime:0.000025s ]
INFO: [ app_init ] --END-- [ RunTime:0.000752s ]
ERR: 无法加载模块:Images

[ 2018-11-13T16:42:57+08:00 ] ::1 /Fashionmall/images/class_img/810168260450008201_16.gif
INFO: [ app_init ] --START--
INFO: Run Behavior\BuildLiteBehavior [ RunTime:0.000025s ]
INFO: [ app_init ] --END-- [ RunTime:0.000793s ]
ERR: 无法加载模块:Images

[ 2018-11-13T16:42:57+08:00 ] ::1 /Fashionmall/images/01.jpg
INFO: [ app_init ] --START--
INFO: Run Behavior\BuildLiteBehavior [ RunTime:0.000024s ]
INFO: [ app_init ] --END-- [ RunTime:0.001571s ]
ERR: 无法加载模块:Images

[ 2018-11-13T16:42:57+08:00 ] ::1 /Fashionmall/images/recommend_img/6203016416892743_03.gif
INFO: [ app_init ] --START--
INFO: Run Behavior\BuildLiteBehavior [ RunTime:0.000031s ]
INFO: [ app_init ] --END-- [ RunTime:0.000715s ]
ERR: 无法加载模块:Images

[ 2018-11-13T16:42:57+08:00 ] ::1 /Fashionmall/images/class_img/810168260450008201_18.gif
INFO: [ app_init ] --START--
INFO: Run Behavior\BuildLiteBehavior [ RunTime:0.000025s ]
INFO: [ app_init ] --END-- [ RunTime:0.000687s ]
ERR: 无法加载模块:Images

[ 2018-11-13T16:42:57+08:00 ] ::1 /Fashionmall/images/class_img/810168260450008201_05.gif
INFO: [ app_init ] --START--
INFO: Run Behavior\BuildLiteBehavior [ RunTime:0.000026s ]
INFO: [ app_init ] --END-- [ RunTime:0.000796s ]
ERR: 无法加载模块:Images

[ 2018-11-13T16:42:57+08:00 ] ::1 /Fashionmall/images/1539853691.jpg
INFO: [ app_init ] --START--
INFO: Run Behavior\BuildLiteBehavior [ RunTime:0.000027s ]
INFO: [ app_init ] --END-- [ RunTime:0.001081s ]
ERR: 无法加载模块:Images

[ 2018-11-13T16:42:57+08:00 ] ::1 /Fashionmall/images/class_img/810168260450008201_17.gif
INFO: [ app_init ] --START--
INFO: Run Behavior\BuildLiteBehavior [ RunTime:0.000147s ]
INFO: [ app_init ] --END-- [ RunTime:0.001612s ]
ERR: 无法加载模块:Images

[ 2018-11-13T16:48:59+08:00 ] ::1 /Fashionmall/Public/User/01.jpg
INFO: [ app_init ] --START--
INFO: Run Behavior\BuildLiteBehavior [ RunTime:0.000029s ]
INFO: [ app_init ] --END-- [ RunTime:0.000926s ]
ERR: 无法加载模块:Public

[ 2018-11-13T16:49:16+08:00 ] ::1 /Fashionmall/Public/User/01.jpg
INFO: [ app_init ] --START--
INFO: Run Behavior\BuildLiteBehavior [ RunTime:0.000025s ]
INFO: [ app_init ] --END-- [ RunTime:0.000771s ]
ERR: 无法加载模块:Public

[ 2018-11-13T16:49:54+08:00 ] ::1 /Fashionmall/Public/User/01.jpg
INFO: [ app_init ] --START--
INFO: Run Behavior\BuildLiteBehavior [ RunTime:0.000026s ]
INFO: [ app_init ] --END-- [ RunTime:0.000744s ]
ERR: 无法加载模块:Public

[ 2018-11-13T16:49:56+08:00 ] ::1 /Fashionmall/Public/User/01.jpg
INFO: [ app_init ] --START--
INFO: Run Behavior\BuildLiteBehavior [ RunTime:0.000025s ]
INFO: [ app_init ] --END-- [ RunTime:0.000704s ]
ERR: 无法加载模块:Public

